2021-05-18 17:06:29,635 INFO  [Log] Successfully Lanch the Browser 
2021-05-18 17:06:36,126 INFO  [Log] Successfully Open the Application 
2021-05-18 17:06:36,128 INFO  [Log] **************************************************************************************** 
2021-05-18 17:06:36,128 INFO  [Log] **************************************************************************************** 
2021-05-18 17:06:36,128 INFO  [Log] $$$$$$$$$$$$$$$$$$$$$                 verifyvaliedcredentals       $$$$$$$$$$$$$$$$$$$$$$$$$ 
2021-05-18 17:06:36,129 INFO  [Log] **************************************************************************************** 
2021-05-18 17:06:36,129 INFO  [Log] **************************************************************************************** 
2021-05-18 17:06:40,989 INFO  [Log] Successfully Login 
2021-05-18 17:06:42,017 INFO  [Log] Successfully Close the Browser 
2021-05-19 10:17:14,924 INFO  [Log] Successfully Lanch the Browser 
2021-05-19 10:20:27,099 INFO  [Log] Successfully Lanch the Browser 
2021-05-19 10:22:09,588 INFO  [Log] Successfully Lanch the Browser 
2021-05-19 10:22:18,236 INFO  [Log] Successfully Open the Application 
2021-05-19 10:22:18,287 INFO  [Log] **************************************************************************************** 
2021-05-19 10:22:18,287 INFO  [Log] **************************************************************************************** 
2021-05-19 10:22:18,287 INFO  [Log] $$$$$$$$$$$$$$$$$$$$$                 VerifyNewCustomer       $$$$$$$$$$$$$$$$$$$$$$$$$ 
2021-05-19 10:22:18,287 INFO  [Log] **************************************************************************************** 
2021-05-19 10:22:18,287 INFO  [Log] **************************************************************************************** 
2021-05-19 10:22:27,641 INFO  [Log] Successfully Login 
2021-05-19 10:22:29,040 INFO  [Log] Successfully Close the Browser 
2021-05-19 10:25:13,284 INFO  [Log] Successfully Lanch the Browser 
2021-05-19 10:25:19,326 INFO  [Log] Successfully Open the Application 
2021-05-19 10:25:19,348 INFO  [Log] **************************************************************************************** 
2021-05-19 10:25:19,348 INFO  [Log] **************************************************************************************** 
2021-05-19 10:25:19,348 INFO  [Log] $$$$$$$$$$$$$$$$$$$$$                 VerifyNewCustomer       $$$$$$$$$$$$$$$$$$$$$$$$$ 
2021-05-19 10:25:19,348 INFO  [Log] **************************************************************************************** 
2021-05-19 10:25:19,349 INFO  [Log] **************************************************************************************** 
2021-05-19 10:25:24,544 INFO  [Log] Successfully Login 
2021-05-19 10:25:26,493 INFO  [Log] Successfully Close the Browser 
2021-05-19 10:26:17,244 INFO  [Log] Successfully Lanch the Browser 
2021-05-19 10:26:30,767 INFO  [Log] Successfully Open the Application 
2021-05-19 10:26:30,786 INFO  [Log] **************************************************************************************** 
2021-05-19 10:26:30,786 INFO  [Log] **************************************************************************************** 
2021-05-19 10:26:30,786 INFO  [Log] $$$$$$$$$$$$$$$$$$$$$                 VerifyNewCustomer       $$$$$$$$$$$$$$$$$$$$$$$$$ 
2021-05-19 10:26:30,786 INFO  [Log] **************************************************************************************** 
2021-05-19 10:26:30,786 INFO  [Log] **************************************************************************************** 
2021-05-19 10:26:34,613 INFO  [Log] Successfully Login 
2021-05-19 10:26:41,378 INFO  [Log] Successfully Close the Browser 
2021-05-19 11:28:50,239 INFO  [Log] Successfully Lanch the Browser 
2021-05-19 11:28:55,952 INFO  [Log] Successfully Open the Application 
2021-05-19 11:28:55,974 INFO  [Log] **************************************************************************************** 
2021-05-19 11:28:55,974 INFO  [Log] **************************************************************************************** 
2021-05-19 11:28:55,975 INFO  [Log] $$$$$$$$$$$$$$$$$$$$$                 VerifyNewCustomer       $$$$$$$$$$$$$$$$$$$$$$$$$ 
2021-05-19 11:28:55,975 INFO  [Log] **************************************************************************************** 
2021-05-19 11:28:55,975 INFO  [Log] **************************************************************************************** 
2021-05-19 11:29:00,631 INFO  [Log] Successfully Login 
2021-05-19 11:29:07,491 INFO  [Log] Successfully Close the Browser 
2021-05-19 11:35:17,899 INFO  [Log] Successfully Lanch the Browser 
2021-05-19 11:38:25,238 INFO  [Log] Successfully Open the Application 
2021-05-19 11:38:25,278 INFO  [Log] **************************************************************************************** 
2021-05-19 11:38:25,279 INFO  [Log] **************************************************************************************** 
2021-05-19 11:38:25,279 INFO  [Log] $$$$$$$$$$$$$$$$$$$$$                 VerifyNewCustomer       $$$$$$$$$$$$$$$$$$$$$$$$$ 
2021-05-19 11:38:25,279 INFO  [Log] **************************************************************************************** 
2021-05-19 11:38:25,279 INFO  [Log] **************************************************************************************** 
2021-05-19 11:39:17,421 INFO  [Log] Successfully Lanch the Browser 
2021-05-19 11:39:21,394 INFO  [Log] Successfully Open the Application 
2021-05-19 11:39:21,403 INFO  [Log] **************************************************************************************** 
2021-05-19 11:39:21,403 INFO  [Log] **************************************************************************************** 
2021-05-19 11:39:21,404 INFO  [Log] $$$$$$$$$$$$$$$$$$$$$                 verifyvaliedcredentals       $$$$$$$$$$$$$$$$$$$$$$$$$ 
2021-05-19 11:39:21,404 INFO  [Log] **************************************************************************************** 
2021-05-19 11:39:21,404 INFO  [Log] **************************************************************************************** 
2021-05-19 11:39:24,223 INFO  [Log] Successfully Login 
2021-05-19 11:39:25,134 INFO  [Log] Successfully Close the Browser 
2021-05-19 11:39:27,241 INFO  [Log] Successfully Lanch the Browser 
2021-05-19 11:39:31,978 INFO  [Log] Successfully Open the Application 
2021-05-19 11:39:31,979 INFO  [Log] **************************************************************************************** 
2021-05-19 11:39:31,979 INFO  [Log] **************************************************************************************** 
2021-05-19 11:39:31,979 INFO  [Log] $$$$$$$$$$$$$$$$$$$$$                 VerifyNewCustomer       $$$$$$$$$$$$$$$$$$$$$$$$$ 
2021-05-19 11:39:31,979 INFO  [Log] **************************************************************************************** 
2021-05-19 11:39:31,980 INFO  [Log] **************************************************************************************** 
2021-05-19 11:39:34,918 INFO  [Log] Successfully Login 
2021-05-19 11:39:42,987 INFO  [Log] Successfully AddNewCustome 
2021-05-19 11:39:44,298 INFO  [Log] Successfully Close the Browser 
2021-05-19 11:53:09,367 INFO  [Log] Successfully Lanch the Browser 
2021-05-19 11:53:59,273 INFO  [Log] Successfully Open the Application 
2021-05-19 11:53:59,372 INFO  [Log] **************************************************************************************** 
2021-05-19 11:53:59,372 INFO  [Log] **************************************************************************************** 
2021-05-19 11:53:59,372 INFO  [Log] $$$$$$$$$$$$$$$$$$$$$                 VerifyNewCustomer       $$$$$$$$$$$$$$$$$$$$$$$$$ 
2021-05-19 11:53:59,372 INFO  [Log] **************************************************************************************** 
2021-05-19 11:53:59,372 INFO  [Log] **************************************************************************************** 
2021-05-19 11:54:00,864 ERROR [Log] Failed to 'Login' 
2021-05-19 11:54:01,582 INFO  [Log] Successfully Close the Browser 
2021-05-19 11:54:27,957 INFO  [Log] Successfully Lanch the Browser 
2021-05-19 11:54:31,952 INFO  [Log] Successfully Open the Application 
2021-05-19 11:54:31,961 INFO  [Log] **************************************************************************************** 
2021-05-19 11:54:31,961 INFO  [Log] **************************************************************************************** 
2021-05-19 11:54:31,961 INFO  [Log] $$$$$$$$$$$$$$$$$$$$$                 VerifyNewCustomer       $$$$$$$$$$$$$$$$$$$$$$$$$ 
2021-05-19 11:54:31,961 INFO  [Log] **************************************************************************************** 
2021-05-19 11:54:31,961 INFO  [Log] **************************************************************************************** 
2021-05-19 11:54:36,067 INFO  [Log] Successfully Login 
2021-05-19 11:54:43,155 INFO  [Log] Successfully AddNewCustome 
2021-05-19 11:54:49,165 INFO  [Log] Successfully Close the Browser 
2021-05-19 11:55:42,206 INFO  [Log] Successfully Lanch the Browser 
2021-05-19 11:55:48,963 INFO  [Log] Successfully Open the Application 
2021-05-19 11:55:49,067 INFO  [Log] **************************************************************************************** 
2021-05-19 11:55:49,067 INFO  [Log] **************************************************************************************** 
2021-05-19 11:55:49,068 INFO  [Log] $$$$$$$$$$$$$$$$$$$$$                 VerifyNewCustomer       $$$$$$$$$$$$$$$$$$$$$$$$$ 
2021-05-19 11:55:49,068 INFO  [Log] **************************************************************************************** 
2021-05-19 11:55:49,068 INFO  [Log] **************************************************************************************** 
2021-05-19 11:55:52,778 INFO  [Log] Successfully Login 
2021-05-19 11:56:00,484 INFO  [Log] Successfully AddNewCustome 
2021-05-19 11:56:07,466 INFO  [Log] Successfully Close the Browser 
2021-05-19 14:16:22,737 INFO  [Log] Successfully Lanch the Browser 
2021-05-19 14:16:27,299 INFO  [Log] Successfully Open the Application 
2021-05-19 14:16:27,321 INFO  [Log] **************************************************************************************** 
2021-05-19 14:16:27,321 INFO  [Log] **************************************************************************************** 
2021-05-19 14:16:27,321 INFO  [Log] $$$$$$$$$$$$$$$$$$$$$                 verifyEditCustomerDetails       $$$$$$$$$$$$$$$$$$$$$$$$$ 
2021-05-19 14:16:27,321 INFO  [Log] **************************************************************************************** 
2021-05-19 14:16:27,322 INFO  [Log] **************************************************************************************** 
2021-05-19 14:16:30,979 INFO  [Log] Successfully Login 
2021-05-19 14:16:32,826 INFO  [Log] Successfully Close the Browser 
2021-05-19 14:35:55,004 INFO  [Log] Successfully Lanch the Browser 
2021-05-19 14:36:24,594 INFO  [Log] Successfully Open the Application 
2021-05-19 14:36:24,658 INFO  [Log] **************************************************************************************** 
2021-05-19 14:36:24,658 INFO  [Log] **************************************************************************************** 
2021-05-19 14:36:24,658 INFO  [Log] $$$$$$$$$$$$$$$$$$$$$                 verifyEditCustomerDetails       $$$$$$$$$$$$$$$$$$$$$$$$$ 
2021-05-19 14:36:24,658 INFO  [Log] **************************************************************************************** 
2021-05-19 14:36:24,658 INFO  [Log] **************************************************************************************** 
2021-05-19 14:36:29,513 INFO  [Log] Successfully Login 
2021-05-19 14:36:31,439 ERROR [Log] Failed to EditEmployee 
2021-05-19 14:36:37,428 INFO  [Log] Successfully Close the Browser 
2021-05-19 14:38:02,454 INFO  [Log] Successfully Lanch the Browser 
2021-05-19 14:38:12,873 INFO  [Log] Successfully Open the Application 
2021-05-19 14:38:12,886 INFO  [Log] **************************************************************************************** 
2021-05-19 14:38:12,886 INFO  [Log] **************************************************************************************** 
2021-05-19 14:38:12,886 INFO  [Log] $$$$$$$$$$$$$$$$$$$$$                 verifyEditCustomerDetails       $$$$$$$$$$$$$$$$$$$$$$$$$ 
2021-05-19 14:38:12,886 INFO  [Log] **************************************************************************************** 
2021-05-19 14:38:12,886 INFO  [Log] **************************************************************************************** 
2021-05-19 14:38:17,744 INFO  [Log] Successfully Login 
2021-05-19 14:38:21,161 ERROR [Log] Failed to EditEmployee 
2021-05-19 14:38:27,008 INFO  [Log] Successfully Close the Browser 
2021-05-19 15:52:24,557 INFO  [Log] Successfully Lanch the Browser 
2021-05-19 15:52:32,355 INFO  [Log] Successfully Open the Application 
2021-05-19 15:52:32,411 INFO  [Log] **************************************************************************************** 
2021-05-19 15:52:32,411 INFO  [Log] **************************************************************************************** 
2021-05-19 15:52:32,411 INFO  [Log] $$$$$$$$$$$$$$$$$$$$$                 verifyEditCustomerDetails       $$$$$$$$$$$$$$$$$$$$$$$$$ 
2021-05-19 15:52:32,412 INFO  [Log] **************************************************************************************** 
2021-05-19 15:52:32,412 INFO  [Log] **************************************************************************************** 
2021-05-19 15:52:39,988 INFO  [Log] Successfully Login 
2021-05-19 15:52:52,020 INFO  [Log] Successfully Close the Browser 
2021-05-19 15:54:10,325 INFO  [Log] Successfully Lanch the Browser 
2021-05-19 15:54:18,320 INFO  [Log] Successfully Open the Application 
2021-05-19 15:54:18,337 INFO  [Log] **************************************************************************************** 
2021-05-19 15:54:18,337 INFO  [Log] **************************************************************************************** 
2021-05-19 15:54:18,337 INFO  [Log] $$$$$$$$$$$$$$$$$$$$$                 verifyEditCustomerDetails       $$$$$$$$$$$$$$$$$$$$$$$$$ 
2021-05-19 15:54:18,337 INFO  [Log] **************************************************************************************** 
2021-05-19 15:54:18,337 INFO  [Log] **************************************************************************************** 
2021-05-19 15:54:21,883 INFO  [Log] Successfully Login 
2021-05-19 15:54:31,504 INFO  [Log] Successfully Close the Browser 
2021-05-19 16:35:27,502 INFO  [Log] Successfully Lanch the Browser 
2021-05-19 16:35:33,217 INFO  [Log] Successfully Open the Application 
2021-05-19 16:35:33,226 INFO  [Log] **************************************************************************************** 
2021-05-19 16:35:33,226 INFO  [Log] **************************************************************************************** 
2021-05-19 16:35:33,226 INFO  [Log] $$$$$$$$$$$$$$$$$$$$$                 DepositAmountTest       $$$$$$$$$$$$$$$$$$$$$$$$$ 
2021-05-19 16:35:33,226 INFO  [Log] **************************************************************************************** 
2021-05-19 16:35:33,226 INFO  [Log] **************************************************************************************** 
2021-05-19 16:35:37,158 INFO  [Log] Successfully Login 
2021-05-19 16:35:42,400 INFO  [Log] Successfully AddDepositeAmount 
2021-05-19 16:35:43,278 INFO  [Log] Successfully Close the Browser 
2021-05-20 10:08:26,733 INFO  [Log] Successfully Lanch the Browser 
2021-05-20 10:08:33,744 INFO  [Log] Successfully Open the Application 
2021-05-20 10:08:33,758 INFO  [Log] **************************************************************************************** 
2021-05-20 10:08:33,758 INFO  [Log] **************************************************************************************** 
2021-05-20 10:08:33,759 INFO  [Log] $$$$$$$$$$$$$$$$$$$$$                 verifyvaliedcredentals       $$$$$$$$$$$$$$$$$$$$$$$$$ 
2021-05-20 10:08:33,759 INFO  [Log] **************************************************************************************** 
2021-05-20 10:08:33,759 INFO  [Log] **************************************************************************************** 
2021-05-20 10:08:38,157 INFO  [Log] Successfully Login 
2021-05-20 10:08:39,049 INFO  [Log] Successfully Close the Browser 
2021-05-20 10:08:41,123 INFO  [Log] Successfully Lanch the Browser 
2021-05-20 10:08:49,464 INFO  [Log] Successfully Open the Application 
2021-05-20 10:08:49,466 INFO  [Log] **************************************************************************************** 
2021-05-20 10:08:49,467 INFO  [Log] **************************************************************************************** 
2021-05-20 10:08:49,467 INFO  [Log] $$$$$$$$$$$$$$$$$$$$$                 VerifyNewCustomer       $$$$$$$$$$$$$$$$$$$$$$$$$ 
2021-05-20 10:08:49,467 INFO  [Log] **************************************************************************************** 
2021-05-20 10:08:49,467 INFO  [Log] **************************************************************************************** 
2021-05-20 10:08:52,582 INFO  [Log] Successfully Login 
2021-05-20 10:09:01,250 INFO  [Log] Successfully AddNewCustome 
2021-05-20 10:09:07,141 INFO  [Log] Successfully Close the Browser 
2021-05-20 10:11:00,441 INFO  [Log] Successfully Lanch the Browser 
2021-05-20 10:11:07,544 INFO  [Log] Successfully Open the Application 
2021-05-20 10:11:07,554 INFO  [Log] **************************************************************************************** 
2021-05-20 10:11:07,554 INFO  [Log] **************************************************************************************** 
2021-05-20 10:11:07,554 INFO  [Log] $$$$$$$$$$$$$$$$$$$$$                 verifyFundsTranfer       $$$$$$$$$$$$$$$$$$$$$$$$$ 
2021-05-20 10:11:07,554 INFO  [Log] **************************************************************************************** 
2021-05-20 10:11:07,554 INFO  [Log] **************************************************************************************** 
2021-05-20 10:11:11,023 INFO  [Log] Successfully Login 
2021-05-20 10:11:15,345 INFO  [Log] Successfully TransferAmount 
2021-05-20 10:11:16,753 INFO  [Log] Successfully Close the Browser 
2021-05-20 10:11:19,778 INFO  [Log] Successfully Lanch the Browser 
2021-05-20 10:11:27,147 INFO  [Log] Successfully Open the Application 
2021-05-20 10:11:27,148 INFO  [Log] **************************************************************************************** 
2021-05-20 10:11:27,148 INFO  [Log] **************************************************************************************** 
2021-05-20 10:11:27,148 INFO  [Log] $$$$$$$$$$$$$$$$$$$$$                 verifyMiniStatement       $$$$$$$$$$$$$$$$$$$$$$$$$ 
2021-05-20 10:11:27,148 INFO  [Log] **************************************************************************************** 
2021-05-20 10:11:27,148 INFO  [Log] **************************************************************************************** 
2021-05-20 10:11:31,643 INFO  [Log] Successfully Login 
2021-05-20 10:11:36,088 INFO  [Log] Successfully EditEmployee 
2021-05-20 10:11:37,198 INFO  [Log] Successfully Close the Browser 
2021-05-20 10:11:40,821 INFO  [Log] Successfully Lanch the Browser 
2021-05-20 10:11:48,336 INFO  [Log] Successfully Open the Application 
2021-05-20 10:11:48,340 INFO  [Log] **************************************************************************************** 
2021-05-20 10:11:48,340 INFO  [Log] **************************************************************************************** 
2021-05-20 10:11:48,340 INFO  [Log] $$$$$$$$$$$$$$$$$$$$$                 DepositAmountTest       $$$$$$$$$$$$$$$$$$$$$$$$$ 
2021-05-20 10:11:48,340 INFO  [Log] **************************************************************************************** 
2021-05-20 10:11:48,340 INFO  [Log] **************************************************************************************** 
2021-05-20 10:11:51,576 INFO  [Log] Successfully Login 
2021-05-20 10:11:55,564 INFO  [Log] Successfully AddDepositeAmount 
2021-05-20 10:11:56,447 INFO  [Log] Successfully Close the Browser 
2021-05-20 10:11:59,319 INFO  [Log] Successfully Lanch the Browser 
2021-05-20 10:12:06,828 INFO  [Log] Successfully Open the Application 
2021-05-20 10:12:06,831 INFO  [Log] **************************************************************************************** 
2021-05-20 10:12:06,831 INFO  [Log] **************************************************************************************** 
2021-05-20 10:12:06,831 INFO  [Log] $$$$$$$$$$$$$$$$$$$$$                 verifyWithdrowAmount       $$$$$$$$$$$$$$$$$$$$$$$$$ 
2021-05-20 10:12:06,831 INFO  [Log] **************************************************************************************** 
2021-05-20 10:12:06,832 INFO  [Log] **************************************************************************************** 
2021-05-20 10:12:10,198 INFO  [Log] Successfully Login 
2021-05-20 10:12:14,759 INFO  [Log] Successfully WithdrowAmount 
2021-05-20 10:12:16,034 INFO  [Log] Successfully Close the Browser 
2021-05-20 10:12:18,034 INFO  [Log] Successfully Lanch the Browser 
2021-05-20 10:14:14,298 INFO  [Log] Successfully Open the Application 
2021-05-20 10:14:14,300 INFO  [Log] **************************************************************************************** 
2021-05-20 10:14:14,300 INFO  [Log] **************************************************************************************** 
2021-05-20 10:14:14,300 INFO  [Log] $$$$$$$$$$$$$$$$$$$$$                 verifyEditCustomerDetails       $$$$$$$$$$$$$$$$$$$$$$$$$ 
2021-05-20 10:14:14,300 INFO  [Log] **************************************************************************************** 
2021-05-20 10:14:14,300 INFO  [Log] **************************************************************************************** 
2021-05-20 10:14:35,887 INFO  [Log] Successfully Login 
2021-05-20 10:14:36,937 INFO  [Log] Successfully Close the Browser 
2021-05-20 10:14:39,055 INFO  [Log] Successfully Lanch the Browser 
2021-05-20 10:15:26,117 INFO  [Log] Successfully Lanch the Browser 
2021-05-20 10:16:14,892 INFO  [Log] Successfully Lanch the Browser 
2021-05-20 10:17:02,166 INFO  [Log] Successfully Lanch the Browser 
2021-05-20 10:17:07,503 INFO  [Log] Successfully Open the Application 
2021-05-20 10:17:07,505 INFO  [Log] **************************************************************************************** 
2021-05-20 10:17:07,505 INFO  [Log] **************************************************************************************** 
2021-05-20 10:17:07,505 INFO  [Log] $$$$$$$$$$$$$$$$$$$$$                 verifyEditCustomerDetails       $$$$$$$$$$$$$$$$$$$$$$$$$ 
2021-05-20 10:17:07,505 INFO  [Log] **************************************************************************************** 
2021-05-20 10:17:07,505 INFO  [Log] **************************************************************************************** 
2021-05-20 10:17:07,835 ERROR [Log] Failed to 'Login' 
2021-05-20 10:17:09,824 INFO  [Log] Successfully Close the Browser 
2021-05-20 10:18:12,744 INFO  [Log] Successfully Lanch the Browser 
2021-05-20 10:18:49,371 INFO  [Log] Successfully Lanch the Browser 
2021-05-20 10:19:23,746 INFO  [Log] Successfully Lanch the Browser 
2021-05-20 10:19:27,813 INFO  [Log] Successfully Lanch the Browser 
2021-05-20 14:07:34,378 INFO  [Log] Successfully Lanch the Browser 
2021-05-20 14:07:43,530 INFO  [Log] Successfully Open the Application 
2021-05-20 14:07:43,539 INFO  [Log] **************************************************************************************** 
2021-05-20 14:07:43,540 INFO  [Log] **************************************************************************************** 
2021-05-20 14:07:43,540 INFO  [Log] $$$$$$$$$$$$$$$$$$$$$                 verifyFundsTranfer       $$$$$$$$$$$$$$$$$$$$$$$$$ 
2021-05-20 14:07:43,540 INFO  [Log] **************************************************************************************** 
2021-05-20 14:07:43,541 INFO  [Log] **************************************************************************************** 
2021-05-20 14:07:49,599 INFO  [Log] Successfully Login 
2021-05-20 14:07:54,813 INFO  [Log] Successfully TransferAmount 
2021-05-20 14:07:56,150 INFO  [Log] Successfully Close the Browser 
2021-05-20 14:07:58,370 INFO  [Log] Successfully Lanch the Browser 
2021-05-20 14:08:05,602 INFO  [Log] Successfully Open the Application 
2021-05-20 14:08:05,606 INFO  [Log] **************************************************************************************** 
2021-05-20 14:08:05,606 INFO  [Log] **************************************************************************************** 
2021-05-20 14:08:05,606 INFO  [Log] $$$$$$$$$$$$$$$$$$$$$                 verifyMiniStatement       $$$$$$$$$$$$$$$$$$$$$$$$$ 
2021-05-20 14:08:05,606 INFO  [Log] **************************************************************************************** 
2021-05-20 14:08:05,606 INFO  [Log] **************************************************************************************** 
2021-05-20 14:08:09,424 INFO  [Log] Successfully Login 
2021-05-20 14:08:14,702 INFO  [Log] Successfully EditEmployee 
2021-05-20 14:08:15,742 INFO  [Log] Successfully Close the Browser 
2021-05-20 14:08:17,818 INFO  [Log] Successfully Lanch the Browser 
2021-05-20 14:08:24,395 INFO  [Log] Successfully Open the Application 
2021-05-20 14:08:24,397 INFO  [Log] **************************************************************************************** 
2021-05-20 14:08:24,397 INFO  [Log] **************************************************************************************** 
2021-05-20 14:08:24,397 INFO  [Log] $$$$$$$$$$$$$$$$$$$$$                 DepositAmountTest       $$$$$$$$$$$$$$$$$$$$$$$$$ 
2021-05-20 14:08:24,397 INFO  [Log] **************************************************************************************** 
2021-05-20 14:08:24,397 INFO  [Log] **************************************************************************************** 
2021-05-20 14:08:27,545 INFO  [Log] Successfully Login 
2021-05-20 14:08:32,159 INFO  [Log] Successfully AddDepositeAmount 
2021-05-20 14:08:32,938 INFO  [Log] Successfully Close the Browser 
2021-05-20 14:08:35,350 INFO  [Log] Successfully Lanch the Browser 
2021-05-20 14:08:41,453 INFO  [Log] Successfully Open the Application 
2021-05-20 14:08:41,454 INFO  [Log] **************************************************************************************** 
2021-05-20 14:08:41,454 INFO  [Log] **************************************************************************************** 
2021-05-20 14:08:41,454 INFO  [Log] $$$$$$$$$$$$$$$$$$$$$                 verifyWithdrowAmount       $$$$$$$$$$$$$$$$$$$$$$$$$ 
2021-05-20 14:08:41,455 INFO  [Log] **************************************************************************************** 
2021-05-20 14:08:41,455 INFO  [Log] **************************************************************************************** 
2021-05-20 14:08:44,541 INFO  [Log] Successfully Login 
2021-05-20 14:10:00,654 INFO  [Log] Successfully WithdrowAmount 
2021-05-20 14:10:01,495 INFO  [Log] Successfully Close the Browser 
2021-05-20 14:10:04,545 INFO  [Log] Successfully Lanch the Browser 
2021-05-20 14:10:53,428 INFO  [Log] Successfully Lanch the Browser 
2021-05-20 14:11:43,454 INFO  [Log] Successfully Lanch the Browser 
2021-05-20 14:12:34,887 INFO  [Log] Successfully Lanch the Browser 
2021-05-20 14:13:24,719 INFO  [Log] Successfully Lanch the Browser 
2021-05-20 14:15:29,037 INFO  [Log] Successfully Lanch the Browser 
